13:07:01 **** Rebuild of configuration Debug for project Examen2 ****
Info: Internal Builder is used for build
gcc -O0 -g3 -Wall -c -fmessage-length=0 -o "src\\Examen2.o" "..\\src\\Examen2.c" 
..\src\Examen2.c: In function 'main':
..\src\Examen2.c:107:49: warning: passing argument 2 of 'll_count' from incompatible pointer type [-Wincompatible-pointer-types]
  107 |    contadorQuinientos=ll_count(pArrayListLibro, libro_acumulador_contador, &acumuladorPearson);
      |                                                 ^~~~~~~~~~~~~~~~~~~~~~~~~
      |                                                 |
      |                                                 float (*)(void *, float *)
In file included from ..\src\controller.h:6,
                 from ..\src\Examen2.c:16:
..\src\LinkedList.h:50:36: note: expected 'int (*)(void *, float *)' but argument is of type 'float (*)(void *, float *)'
   50 | int ll_count(LinkedList* this,int(*fn)(void*,float*), float* pTotal);
      |                               ~~~~~^~~~~~~~~~~~~~~~~
gcc -O0 -g3 -Wall -c -fmessage-length=0 -o "src\\editorial.o" "..\\src\\editorial.c" 
gcc -O0 -g3 -Wall -c -fmessage-length=0 -o "src\\controller.o" "..\\src\\controller.c" 
gcc -O0 -g3 -Wall -c -fmessage-length=0 -o "src\\General.o" "..\\src\\General.c" 
..\src\General.c: In function 'pedirString':
..\src\General.c:48:6: warning: unused variable 'auxiliar' [-Wunused-variable]
   48 |  int auxiliar;
      |      ^~~~~~~~
gcc -O0 -g3 -Wall -c -fmessage-length=0 -o "src\\parser.o" "..\\src\\parser.c" 
gcc -O0 -g3 -Wall -c -fmessage-length=0 -o "src\\LinkedList.o" "..\\src\\LinkedList.c" 
gcc -O0 -g3 -Wall -c -fmessage-length=0 -o "src\\libro.o" "..\\src\\libro.c" 
gcc -o Examen2.exe "src\\Examen2.o" "src\\General.o" "src\\LinkedList.o" "src\\controller.o" "src\\editorial.o" "src\\libro.o" "src\\parser.o" 
Info: Nothing to build for Examen2
13:08:05 **** Incremental Build of configuration Debug for project Examen2 ****
Info: Internal Builder is used for build
gcc -O0 -g3 -Wall -c -fmessage-length=0 -o "src\\General.o" "..\\src\\General.c" 
..\src\General.c: In function 'pedirString':
..\src\General.c:114:1: error: expected declaration or statement at end of input
  114 | }
      | ^
At top level:
..\src\General.c:104:6: warning: 'MensajeDeError' defined but not used [-Wunused-function]
  104 | void MensajeDeError(int corroboracion, char mensaje[], char mensajeError[])
      |      ^~~~~~~~~~~~~~
..\src\General.c:84:5: warning: 'validacionString' defined but not used [-Wunused-function]
   84 | int validacionString(char array[])
      |     ^~~~~~~~~~~~~~~~
..\src\General.c:68:6: warning: 'lowerToUpper' defined but not used [-Wunused-function]
   68 | void lowerToUpper(char array[])
      |      ^~~~~~~~~~~~
13:08:44 **** Incremental Build of configuration Debug for project Examen2 ****
Info: Internal Builder is used for build
gcc -O0 -g3 -Wall -c -fmessage-length=0 -o "src\\General.o" "..\\src\\General.c" 
..\src\General.c: In function 'pedirString':
..\src\General.c:54:8: warning: 'auxiliar' is used uninitialized in this function [-Wuninitialized]
   54 |   while(auxiliar==-1)
      |        ^
gcc -o Examen2.exe "src\\Examen2.o" "src\\General.o" "src\\LinkedList.o" "src\\controller.o" "src\\editorial.o" "src\\libro.o" "src\\parser.o" 
13:09:40 **** Incremental Build of configuration Debug for project Examen2 ****
Info: Internal Builder is used for build
gcc -O0 -g3 -Wall -c -fmessage-length=0 -o "src\\Examen2.o" "..\\src\\Examen2.c" 
..\src\Examen2.c: In function 'main':
..\src\Examen2.c:107:49: warning: passing argument 2 of 'll_count' from incompatible pointer type [-Wincompatible-pointer-types]
  107 |    contadorQuinientos=ll_count(pArrayListLibro, libro_acumulador_contador, &acumuladorPearson);
      |                                                 ^~~~~~~~~~~~~~~~~~~~~~~~~
      |                                                 |
      |                                                 float (*)(void *, float *)
In file included from ..\src\controller.h:6,
                 from ..\src\Examen2.c:16:
..\src\LinkedList.h:50:36: note: expected 'int (*)(void *, float *)' but argument is of type 'float (*)(void *, float *)'
   50 | int ll_count(LinkedList* this,int(*fn)(void*,float*), float* pTotal);
      |                               ~~~~~^~~~~~~~~~~~~~~~~
gcc -o Examen2.exe "src\\Examen2.o" "src\\General.o" "src\\LinkedList.o" "src\\controller.o" "src\\editorial.o" "src\\libro.o" "src\\parser.o" 
13:11:31 **** Incremental Build of configuration Debug for project Examen2 ****
Info: Internal Builder is used for build
gcc -O0 -g3 -Wall -c -fmessage-length=0 -o "src\\Examen2.o" "..\\src\\Examen2.c" 
..\src\Examen2.c: In function 'main':
..\src\Examen2.c:107:48: warning: passing argument 2 of 'll_count' from incompatible pointer type [-Wincompatible-pointer-types]
  107 |    contadorQuinientos=ll_count(pArrayListLibro,libro_acumulador_contador,&acumuladorPearson);
      |                                                ^~~~~~~~~~~~~~~~~~~~~~~~~
      |                                                |
      |                                                float (*)(void *, float *)
In file included from ..\src\controller.h:6,
                 from ..\src\Examen2.c:16:
..\src\LinkedList.h:50:36: note: expected 'int (*)(void *, float *)' but argument is of type 'float (*)(void *, float *)'
   50 | int ll_count(LinkedList* this,int(*fn)(void*,float*), float* pTotal);
      |                               ~~~~~^~~~~~~~~~~~~~~~~
gcc -o Examen2.exe "src\\Examen2.o" "src\\General.o" "src\\LinkedList.o" "src\\controller.o" "src\\editorial.o" "src\\libro.o" "src\\parser.o" 
13:12:17 **** Incremental Build of configuration Debug for project Examen2 ****
Info: Internal Builder is used for build
gcc -O0 -g3 -Wall -c -fmessage-length=0 -o "src\\controller.o" "..\\src\\controller.c" 
gcc -O0 -g3 -Wall -c -fmessage-length=0 -o "src\\LinkedList.o" "..\\src\\LinkedList.c" 
gcc -O0 -g3 -Wall -c -fmessage-length=0 -o "src\\parser.o" "..\\src\\parser.c" 
gcc -O0 -g3 -Wall -c -fmessage-length=0 -o "src\\Examen2.o" "..\\src\\Examen2.c" 
..\src\Examen2.c: In function 'main':
..\src\Examen2.c:107:48: warning: passing argument 2 of 'll_count' from incompatible pointer type [-Wincompatible-pointer-types]
  107 |    contadorQuinientos=ll_count(pArrayListLibro,libro_acumulador_contador,&acumuladorPearson);
      |                                                ^~~~~~~~~~~~~~~~~~~~~~~~~
      |                                                |
      |                                                float (*)(void *, float *)
In file included from ..\src\controller.h:6,
                 from ..\src\Examen2.c:16:
..\src\LinkedList.h:50:38: note: expected 'int (*)(void *, float *)' but argument is of type 'float (*)(void *, float *)'
   50 | int ll_count(LinkedList* this, int (*fn)(void*,float*),float* pTotal);
      |                                ~~~~~~^~~~~~~~~~~~~~~~~
gcc -o Examen2.exe "src\\Examen2.o" "src\\General.o" "src\\LinkedList.o" "src\\controller.o" "src\\editorial.o" "src\\libro.o" "src\\parser.o" 
13:12:39 **** Incremental Build of configuration Debug for project Examen2 ****
Info: Internal Builder is used for build
gcc -O0 -g3 -Wall -c -fmessage-length=0 -o "src\\parser.o" "..\\src\\parser.c" 
gcc -O0 -g3 -Wall -c -fmessage-length=0 -o "src\\controller.o" "..\\src\\controller.c" 
gcc -O0 -g3 -Wall -c -fmessage-length=0 -o "src\\libro.o" "..\\src\\libro.c" 
gcc -O0 -g3 -Wall -c -fmessage-length=0 -o "src\\Examen2.o" "..\\src\\Examen2.c" 
gcc -o Examen2.exe "src\\Examen2.o" "src\\General.o" "src\\LinkedList.o" "src\\controller.o" "src\\editorial.o" "src\\libro.o" "src\\parser.o" 
13:13:12 **** Incremental Build of configuration Debug for project Examen2 ****
Info: Internal Builder is used for build
gcc -O0 -g3 -Wall -c -fmessage-length=0 -o "src\\Examen2.o" "..\\src\\Examen2.c" 
gcc -o Examen2.exe "src\\Examen2.o" "src\\General.o" "src\\LinkedList.o" "src\\controller.o" "src\\editorial.o" "src\\libro.o" "src\\parser.o" 
13:18:09 **** Incremental Build of configuration Debug for project Examen2 ****
Info: Internal Builder is used for build
gcc -O0 -g3 -Wall -c -fmessage-length=0 -o "src\\libro.o" "..\\src\\libro.c" 
gcc -o Examen2.exe "src\\Examen2.o" "src\\General.o" "src\\LinkedList.o" "src\\controller.o" "src\\editorial.o" "src\\libro.o" "src\\parser.o" 
Info: Nothing to build for Examen2
13:27:46 **** Incremental Build of configuration Debug for project Examen2 ****
Info: Internal Builder is used for build
gcc -O0 -g3 -Wall -c -fmessage-length=0 -o "src\\libro.o" "..\\src\\libro.c" 
gcc -o Examen2.exe "src\\Examen2.o" "src\\General.o" "src\\LinkedList.o" "src\\controller.o" "src\\editorial.o" "src\\libro.o" "src\\parser.o" 
13:29:20 **** Incremental Build of configuration Debug for project Examen2 ****
Info: Internal Builder is used for build
gcc -O0 -g3 -Wall -c -fmessage-length=0 -o "src\\libro.o" "..\\src\\libro.c" 
gcc -o Examen2.exe "src\\Examen2.o" "src\\General.o" "src\\LinkedList.o" "src\\controller.o" "src\\editorial.o" "src\\libro.o" "src\\parser.o" 
16:30:50 **** Rebuild of configuration Debug for project Examen2 ****
Info: Internal Builder is used for build
gcc -O0 -g3 -Wall -c -fmessage-length=0 -o "src\\libro.o" "..\\src\\libro.c" 
gcc -O0 -g3 -Wall -c -fmessage-length=0 -o "src\\controller.o" "..\\src\\controller.c" 
gcc -O0 -g3 -Wall -c -fmessage-length=0 -o "src\\editorial.o" "..\\src\\editorial.c" 
gcc -O0 -g3 -Wall -c -fmessage-length=0 -o "src\\LinkedList.o" "..\\src\\LinkedList.c" 
gcc -O0 -g3 -Wall -c -fmessage-length=0 -o "src\\parser.o" "..\\src\\parser.c" 
gcc -O0 -g3 -Wall -c -fmessage-length=0 -o "src\\General.o" "..\\src\\General.c" 
..\src\General.c: In function 'pedirString':
..\src\General.c:54:8: warning: 'auxiliar' is used uninitialized in this function [-Wuninitialized]
   54 |   while(auxiliar==-1)
      |        ^
gcc -O0 -g3 -Wall -c -fmessage-length=0 -o "src\\Examen2.o" "..\\src\\Examen2.c" 
..\src\Examen2.c: In function 'main':
..\src\Examen2.c:28:7: warning: unused variable 'archivo2' [-Wunused-variable]
   28 |  char archivo2[200]="C:\\Users\\brake\\Desktop\\Examen lab 2\\Examen2\\src\\Editorial.csv";
      |       ^~~~~~~~
..\src\Examen2.c:27:7: warning: unused variable 'archivo1' [-Wunused-variable]
   27 |  char archivo1[200]="C:\\Users\\brake\\Desktop\\Examen lab 2\\Examen2\\src\\Libro.csv";
      |       ^~~~~~~~
..\src\Examen2.c:23:7: warning: unused variable 'nombreEditorial' [-Wunused-variable]
   23 |  char nombreEditorial[50]="Editorial.csv";
      |       ^~~~~~~~~~~~~~~
..\src\Examen2.c:22:7: warning: unused variable 'nombreLibro' [-Wunused-variable]
   22 |  char nombreLibro[50]="Libro.csv";
      |       ^~~~~~~~~~~
gcc -o Examen2.exe "src\\Examen2.o" "src\\General.o" "src\\LinkedList.o" "src\\controller.o" "src\\editorial.o" "src\\libro.o" "src\\parser.o" 
16:31:35 **** Incremental Build of configuration Debug for project Examen2 ****
Info: Internal Builder is used for build
gcc -O0 -g3 -Wall -c -fmessage-length=0 -o "src\\Examen2.o" "..\\src\\Examen2.c" 
gcc -o Examen2.exe "src\\Examen2.o" "src\\General.o" "src\\LinkedList.o" "src\\controller.o" "src\\editorial.o" "src\\libro.o" "src\\parser.o" 
